<?xml version="1.0" encoding="UTF-8"?>
<testng-results skipped="0" failed="0" total="1" passed="1">
  <reporter-output>
  </reporter-output>
  <suite name="NIC.NICNGTest" duration-ms="109" started-at="2013-09-12T04:16:24Z" finished-at="2013-09-12T04:16:24Z">
    <groups>
    </groups>
    <test name="Command line test" duration-ms="109" started-at="2013-09-12T04:16:24Z" finished-at="2013-09-12T04:16:24Z">
      <class name="NIC.NICNGTest">
        <test-method status="PASS" signature="setUpClass()[pri:0, instance:NIC.NICNGTest@153e9c]" name="setUpClass" is-config="true" duration-ms="11" started-at="2013-09-12T09:46:24Z" finished-at="2013-09-12T09:46:24Z">
          <reporter-output>
          </reporter-output>
        </test-method> <!-- setUpClass -->
        <test-method status="PASS" signature="setUpMethod()[pri:0, instance:NIC.NICNGTest@153e9c]" name="setUpMethod" is-config="true" duration-ms="1" started-at="2013-09-12T09:46:24Z" finished-at="2013-09-12T09:46:24Z">
          <reporter-output>
          </reporter-output>
        </test-method> <!-- setUpMethod -->
        <test-method status="PASS" signature="testCalculate()[pri:0, instance:NIC.NICNGTest@153e9c]" name="testCalculate" duration-ms="84" started-at="2013-09-12T09:46:24Z" finished-at="2013-09-12T09:46:24Z">
          <reporter-output>
          </reporter-output>
        </test-method> <!-- testCalculate -->
        <test-method status="PASS" signature="tearDownClass()[pri:0, instance:NIC.NICNGTest@153e9c]" name="tearDownClass" is-config="true" duration-ms="0" started-at="2013-09-12T09:46:24Z" finished-at="2013-09-12T09:46:24Z">
          <reporter-output>
          </reporter-output>
        </test-method> <!-- tearDownClass -->
        <test-method status="PASS" signature="tearDownMethod()[pri:0, instance:NIC.NICNGTest@153e9c]" name="tearDownMethod" is-config="true" duration-ms="0" started-at="2013-09-12T09:46:24Z" finished-at="2013-09-12T09:46:24Z">
          <reporter-output>
          </reporter-output>
        </test-method> <!-- tearDownMethod -->
      </class> <!-- NIC.NICNGTest -->
    </test> <!-- Command line test -->
  </suite> <!-- NIC.NICNGTest -->
</testng-results>
